2020-01-11 15:11:03,818 [main] INFO  org.ljj.Application - Starting Application on yaoshideMacBook-Pro.local with PID 5362 (/idea/httprunnerWeb/target/classes started by linjunjie in /idea/httprunnerWeb)
2020-01-11 15:11:03,820 [main] INFO  org.ljj.Application - No active profile set, falling back to default profiles: default
2020-01-11 15:11:05,126 [main] INFO  o.s.context.support.PostProcessorRegistrationDelegate$BeanPostProcessorChecker - Bean 'org.springframework.transaction.annotation.ProxyTransactionManagementConfiguration' of type [org.springframework.transaction.annotation.ProxyTransactionManagementConfiguration$$EnhancerBySpringCGLIB$$da37f23f] is not eligible for getting processed by all BeanPostProcessors (for example: not eligible for auto-proxying)
2020-01-11 15:11:05,399 [main] INFO  org.springframework.boot.web.embedded.tomcat.TomcatWebServer - Tomcat initialized with port(s): 8888 (http)
2020-01-11 15:11:05,417 [main] INFO  org.apache.coyote.http11.Http11NioProtocol - Initializing ProtocolHandler ["http-nio-8888"]
2020-01-11 15:11:05,426 [main] INFO  org.apache.catalina.core.StandardService - Starting service [Tomcat]
2020-01-11 15:11:05,426 [main] INFO  org.apache.catalina.core.StandardEngine - Starting Servlet engine: [Apache Tomcat/9.0.19]
2020-01-11 15:11:05,528 [main] INFO  org.apache.catalina.core.ContainerBase.[Tomcat].[localhost].[/] - Initializing Spring embedded WebApplicationContext
2020-01-11 15:11:05,528 [main] INFO  org.springframework.web.context.ContextLoader - Root WebApplicationContext: initialization completed in 1645 ms
2020-01-11 15:11:06,340 [main] INFO  springfox.documentation.spring.web.PropertySourcedRequestMappingHandlerMapping - Mapped URL path [/v2/api-docs] onto method [public org.springframework.http.ResponseEntity<springfox.documentation.spring.web.json.Json> springfox.documentation.swagger2.web.Swagger2Controller.getDocumentation(java.lang.String,javax.servlet.http.HttpServletRequest)]
2020-01-11 15:11:06,463 [main] INFO  org.springframework.scheduling.concurrent.ThreadPoolTaskExecutor - Initializing ExecutorService 'applicationTaskExecutor'
2020-01-11 15:11:06,636 [main] INFO  org.springframework.scheduling.concurrent.ThreadPoolTaskScheduler - Initializing ExecutorService 'taskScheduler'
2020-01-11 15:11:06,688 [main] INFO  springfox.documentation.spring.web.plugins.DocumentationPluginsBootstrapper - Context refreshed
2020-01-11 15:11:06,718 [main] INFO  springfox.documentation.spring.web.plugins.DocumentationPluginsBootstrapper - Found 1 custom documentation plugin(s)
2020-01-11 15:11:06,753 [main] INFO  springfox.documentation.spring.web.scanners.ApiListingReferenceScanner - Scanning for api listing references
2020-01-11 15:11:06,932 [main] INFO  s.documentation.spring.web.readers.operation.CachingOperationNameGenerator - Generating unique operation named: getListTwoUsingGET_1
2020-01-11 15:11:06,934 [main] INFO  s.documentation.spring.web.readers.operation.CachingOperationNameGenerator - Generating unique operation named: getListTwoUsingGET_2
2020-01-11 15:11:06,936 [main] INFO  s.documentation.spring.web.readers.operation.CachingOperationNameGenerator - Generating unique operation named: getListTwoUsingGET_3
2020-01-11 15:11:06,937 [main] INFO  s.documentation.spring.web.readers.operation.CachingOperationNameGenerator - Generating unique operation named: getListTwoUsingGET_4
2020-01-11 15:11:06,938 [main] INFO  s.documentation.spring.web.readers.operation.CachingOperationNameGenerator - Generating unique operation named: getListTwoUsingGET_5
2020-01-11 15:11:06,939 [main] INFO  s.documentation.spring.web.readers.operation.CachingOperationNameGenerator - Generating unique operation named: getListTwoUsingGET_6
2020-01-11 15:11:06,940 [main] INFO  s.documentation.spring.web.readers.operation.CachingOperationNameGenerator - Generating unique operation named: getListTwoUsingGET_7
2020-01-11 15:11:06,972 [main] INFO  org.apache.coyote.http11.Http11NioProtocol - Starting ProtocolHandler ["http-nio-8888"]
2020-01-11 15:11:07,006 [main] INFO  org.springframework.boot.web.embedded.tomcat.TomcatWebServer - Tomcat started on port(s): 8888 (http) with context path ''
2020-01-11 15:11:07,010 [main] INFO  org.ljj.Application - Started Application in 3.648 seconds (JVM running for 4.644)
2020-01-11 15:12:06,924 [Thread-11] INFO  org.springframework.scheduling.concurrent.ThreadPoolTaskScheduler - Shutting down ExecutorService 'taskScheduler'
2020-01-11 15:12:06,926 [Thread-11] INFO  org.springframework.scheduling.concurrent.ThreadPoolTaskExecutor - Shutting down ExecutorService 'applicationTaskExecutor'
2020-01-11 15:12:31,225 [main] INFO  org.ljj.Application - Starting Application on yaoshideMacBook-Pro.local with PID 5375 (/idea/httprunnerWeb/target/classes started by linjunjie in /idea/httprunnerWeb)
2020-01-11 15:12:31,246 [main] INFO  org.ljj.Application - No active profile set, falling back to default profiles: default
2020-01-11 15:12:32,129 [main] INFO  o.s.context.support.PostProcessorRegistrationDelegate$BeanPostProcessorChecker - Bean 'org.springframework.transaction.annotation.ProxyTransactionManagementConfiguration' of type [org.springframework.transaction.annotation.ProxyTransactionManagementConfiguration$$EnhancerBySpringCGLIB$$f1fe5bc8] is not eligible for getting processed by all BeanPostProcessors (for example: not eligible for auto-proxying)
2020-01-11 15:12:32,315 [main] INFO  org.springframework.boot.web.embedded.tomcat.TomcatWebServer - Tomcat initialized with port(s): 8888 (http)
2020-01-11 15:12:32,324 [main] INFO  org.apache.coyote.http11.Http11NioProtocol - Initializing ProtocolHandler ["http-nio-8888"]
2020-01-11 15:12:32,330 [main] INFO  org.apache.catalina.core.StandardService - Starting service [Tomcat]
2020-01-11 15:12:32,330 [main] INFO  org.apache.catalina.core.StandardEngine - Starting Servlet engine: [Apache Tomcat/9.0.19]
2020-01-11 15:12:32,407 [main] INFO  org.apache.catalina.core.ContainerBase.[Tomcat].[localhost].[/] - Initializing Spring embedded WebApplicationContext
2020-01-11 15:12:32,407 [main] INFO  org.springframework.web.context.ContextLoader - Root WebApplicationContext: initialization completed in 1104 ms
2020-01-11 15:12:32,909 [main] INFO  springfox.documentation.spring.web.PropertySourcedRequestMappingHandlerMapping - Mapped URL path [/v2/api-docs] onto method [public org.springframework.http.ResponseEntity<springfox.documentation.spring.web.json.Json> springfox.documentation.swagger2.web.Swagger2Controller.getDocumentation(java.lang.String,javax.servlet.http.HttpServletRequest)]
2020-01-11 15:12:32,992 [main] INFO  org.springframework.scheduling.concurrent.ThreadPoolTaskExecutor - Initializing ExecutorService 'applicationTaskExecutor'
2020-01-11 15:12:33,103 [main] INFO  org.springframework.scheduling.concurrent.ThreadPoolTaskScheduler - Initializing ExecutorService 'taskScheduler'
2020-01-11 15:12:33,144 [main] INFO  springfox.documentation.spring.web.plugins.DocumentationPluginsBootstrapper - Context refreshed
2020-01-11 15:12:33,155 [main] INFO  springfox.documentation.spring.web.plugins.DocumentationPluginsBootstrapper - Found 1 custom documentation plugin(s)
2020-01-11 15:12:33,174 [main] INFO  springfox.documentation.spring.web.scanners.ApiListingReferenceScanner - Scanning for api listing references
2020-01-11 15:12:33,288 [main] INFO  s.documentation.spring.web.readers.operation.CachingOperationNameGenerator - Generating unique operation named: getListTwoUsingGET_1
2020-01-11 15:12:33,289 [main] INFO  s.documentation.spring.web.readers.operation.CachingOperationNameGenerator - Generating unique operation named: getListTwoUsingGET_2
2020-01-11 15:12:33,290 [main] INFO  s.documentation.spring.web.readers.operation.CachingOperationNameGenerator - Generating unique operation named: getListTwoUsingGET_3
2020-01-11 15:12:33,292 [main] INFO  s.documentation.spring.web.readers.operation.CachingOperationNameGenerator - Generating unique operation named: getListTwoUsingGET_4
2020-01-11 15:12:33,293 [main] INFO  s.documentation.spring.web.readers.operation.CachingOperationNameGenerator - Generating unique operation named: getListTwoUsingGET_5
2020-01-11 15:12:33,294 [main] INFO  s.documentation.spring.web.readers.operation.CachingOperationNameGenerator - Generating unique operation named: getListTwoUsingGET_6
2020-01-11 15:12:33,295 [main] INFO  s.documentation.spring.web.readers.operation.CachingOperationNameGenerator - Generating unique operation named: getListTwoUsingGET_7
2020-01-11 15:12:33,317 [main] INFO  org.apache.coyote.http11.Http11NioProtocol - Starting ProtocolHandler ["http-nio-8888"]
2020-01-11 15:12:33,345 [main] INFO  org.springframework.boot.web.embedded.tomcat.TomcatWebServer - Tomcat started on port(s): 8888 (http) with context path ''
2020-01-11 15:12:33,348 [main] INFO  org.ljj.Application - Started Application in 2.549 seconds (JVM running for 3.23)
2020-01-11 15:13:44,288 [http-nio-8888-exec-1] INFO  org.apache.catalina.core.ContainerBase.[Tomcat].[localhost].[/] - Initializing Spring DispatcherServlet 'dispatcherServlet'
2020-01-11 15:13:44,289 [http-nio-8888-exec-1] INFO  org.springframework.web.servlet.DispatcherServlet - Initializing Servlet 'dispatcherServlet'
2020-01-11 15:13:44,303 [http-nio-8888-exec-1] INFO  org.springframework.web.servlet.DispatcherServlet - Completed initialization in 14 ms
2020-01-11 15:15:29,236 [http-nio-8888-exec-3] INFO  com.zaxxer.hikari.HikariDataSource - HikariPool-1 - Starting...
2020-01-11 15:15:29,775 [http-nio-8888-exec-3] INFO  com.zaxxer.hikari.HikariDataSource - HikariPool-1 - Start completed.
2020-01-11 15:17:16,760 [Thread-9] INFO  org.springframework.scheduling.concurrent.ThreadPoolTaskScheduler - Shutting down ExecutorService 'taskScheduler'
2020-01-11 15:17:16,761 [Thread-9] INFO  org.springframework.scheduling.concurrent.ThreadPoolTaskExecutor - Shutting down ExecutorService 'applicationTaskExecutor'
2020-01-11 15:17:16,763 [Thread-9] INFO  com.zaxxer.hikari.HikariDataSource - HikariPool-1 - Shutdown initiated...
2020-01-11 15:17:16,775 [Thread-9] INFO  com.zaxxer.hikari.HikariDataSource - HikariPool-1 - Shutdown completed.
2020-01-11 15:48:14,382 [main] INFO  org.ljj.Application - Starting Application on yaoshideMacBook-Pro.local with PID 5417 (/idea/httprunnerWeb/target/classes started by linjunjie in /idea/httprunnerWeb)
2020-01-11 15:48:14,385 [main] INFO  org.ljj.Application - No active profile set, falling back to default profiles: default
2020-01-11 15:48:15,525 [main] INFO  o.s.context.support.PostProcessorRegistrationDelegate$BeanPostProcessorChecker - Bean 'org.springframework.transaction.annotation.ProxyTransactionManagementConfiguration' of type [org.springframework.transaction.annotation.ProxyTransactionManagementConfiguration$$EnhancerBySpringCGLIB$$619e3ebb] is not eligible for getting processed by all BeanPostProcessors (for example: not eligible for auto-proxying)
2020-01-11 15:48:15,775 [main] INFO  org.springframework.boot.web.embedded.tomcat.TomcatWebServer - Tomcat initialized with port(s): 8888 (http)
2020-01-11 15:48:15,793 [main] INFO  org.apache.coyote.http11.Http11NioProtocol - Initializing ProtocolHandler ["http-nio-8888"]
2020-01-11 15:48:15,802 [main] INFO  org.apache.catalina.core.StandardService - Starting service [Tomcat]
2020-01-11 15:48:15,802 [main] INFO  org.apache.catalina.core.StandardEngine - Starting Servlet engine: [Apache Tomcat/9.0.19]
2020-01-11 15:48:15,899 [main] INFO  org.apache.catalina.core.ContainerBase.[Tomcat].[localhost].[/] - Initializing Spring embedded WebApplicationContext
2020-01-11 15:48:15,899 [main] INFO  org.springframework.web.context.ContextLoader - Root WebApplicationContext: initialization completed in 1461 ms
2020-01-11 15:48:16,613 [main] INFO  springfox.documentation.spring.web.PropertySourcedRequestMappingHandlerMapping - Mapped URL path [/v2/api-docs] onto method [public org.springframework.http.ResponseEntity<springfox.documentation.spring.web.json.Json> springfox.documentation.swagger2.web.Swagger2Controller.getDocumentation(java.lang.String,javax.servlet.http.HttpServletRequest)]
2020-01-11 15:48:16,724 [main] INFO  org.springframework.scheduling.concurrent.ThreadPoolTaskExecutor - Initializing ExecutorService 'applicationTaskExecutor'
2020-01-11 15:48:16,874 [main] INFO  org.springframework.scheduling.concurrent.ThreadPoolTaskScheduler - Initializing ExecutorService 'taskScheduler'
2020-01-11 15:48:16,914 [main] INFO  springfox.documentation.spring.web.plugins.DocumentationPluginsBootstrapper - Context refreshed
2020-01-11 15:48:16,944 [main] INFO  springfox.documentation.spring.web.plugins.DocumentationPluginsBootstrapper - Found 1 custom documentation plugin(s)
2020-01-11 15:48:16,974 [main] INFO  springfox.documentation.spring.web.scanners.ApiListingReferenceScanner - Scanning for api listing references
2020-01-11 15:48:17,145 [main] INFO  s.documentation.spring.web.readers.operation.CachingOperationNameGenerator - Generating unique operation named: getListTwoUsingGET_1
2020-01-11 15:48:17,147 [main] INFO  s.documentation.spring.web.readers.operation.CachingOperationNameGenerator - Generating unique operation named: getListTwoUsingGET_2
2020-01-11 15:48:17,148 [main] INFO  s.documentation.spring.web.readers.operation.CachingOperationNameGenerator - Generating unique operation named: getListTwoUsingGET_3
2020-01-11 15:48:17,150 [main] INFO  s.documentation.spring.web.readers.operation.CachingOperationNameGenerator - Generating unique operation named: getListTwoUsingGET_4
2020-01-11 15:48:17,151 [main] INFO  s.documentation.spring.web.readers.operation.CachingOperationNameGenerator - Generating unique operation named: getListTwoUsingGET_5
2020-01-11 15:48:17,152 [main] INFO  s.documentation.spring.web.readers.operation.CachingOperationNameGenerator - Generating unique operation named: getListTwoUsingGET_6
2020-01-11 15:48:17,153 [main] INFO  s.documentation.spring.web.readers.operation.CachingOperationNameGenerator - Generating unique operation named: getListTwoUsingGET_7
2020-01-11 15:48:17,180 [main] INFO  org.apache.coyote.http11.Http11NioProtocol - Starting ProtocolHandler ["http-nio-8888"]
2020-01-11 15:48:17,212 [main] INFO  org.springframework.boot.web.embedded.tomcat.TomcatWebServer - Tomcat started on port(s): 8888 (http) with context path ''
2020-01-11 15:48:17,215 [main] INFO  org.ljj.Application - Started Application in 3.282 seconds (JVM running for 4.292)
2020-01-11 15:48:34,218 [http-nio-8888-exec-1] INFO  org.apache.catalina.core.ContainerBase.[Tomcat].[localhost].[/] - Initializing Spring DispatcherServlet 'dispatcherServlet'
2020-01-11 15:48:34,219 [http-nio-8888-exec-1] INFO  org.springframework.web.servlet.DispatcherServlet - Initializing Servlet 'dispatcherServlet'
2020-01-11 15:48:34,234 [http-nio-8888-exec-1] INFO  org.springframework.web.servlet.DispatcherServlet - Completed initialization in 15 ms
2020-01-11 15:48:34,295 [http-nio-8888-exec-1] INFO  com.zaxxer.hikari.HikariDataSource - HikariPool-1 - Starting...
2020-01-11 15:48:34,740 [http-nio-8888-exec-1] INFO  com.zaxxer.hikari.HikariDataSource - HikariPool-1 - Start completed.
2020-01-11 15:54:39,380 [Thread-10] INFO  org.springframework.scheduling.concurrent.ThreadPoolTaskScheduler - Shutting down ExecutorService 'taskScheduler'
2020-01-11 15:54:39,382 [Thread-10] INFO  org.springframework.scheduling.concurrent.ThreadPoolTaskExecutor - Shutting down ExecutorService 'applicationTaskExecutor'
2020-01-11 15:54:39,383 [Thread-10] INFO  com.zaxxer.hikari.HikariDataSource - HikariPool-1 - Shutdown initiated...
2020-01-11 15:54:39,397 [Thread-10] INFO  com.zaxxer.hikari.HikariDataSource - HikariPool-1 - Shutdown completed.
2020-01-11 15:54:43,828 [main] INFO  org.ljj.Application - Starting Application on yaoshideMacBook-Pro.local with PID 5447 (/idea/httprunnerWeb/target/classes started by linjunjie in /idea/httprunnerWeb)
2020-01-11 15:54:43,831 [main] INFO  org.ljj.Application - No active profile set, falling back to default profiles: default
2020-01-11 15:54:44,708 [main] INFO  o.s.context.support.PostProcessorRegistrationDelegate$BeanPostProcessorChecker - Bean 'org.springframework.transaction.annotation.ProxyTransactionManagementConfiguration' of type [org.springframework.transaction.annotation.ProxyTransactionManagementConfiguration$$EnhancerBySpringCGLIB$$100cf129] is not eligible for getting processed by all BeanPostProcessors (for example: not eligible for auto-proxying)
2020-01-11 15:54:44,970 [main] INFO  org.springframework.boot.web.embedded.tomcat.TomcatWebServer - Tomcat initialized with port(s): 8888 (http)
2020-01-11 15:54:44,980 [main] INFO  org.apache.coyote.http11.Http11NioProtocol - Initializing ProtocolHandler ["http-nio-8888"]
2020-01-11 15:54:44,987 [main] INFO  org.apache.catalina.core.StandardService - Starting service [Tomcat]
2020-01-11 15:54:44,987 [main] INFO  org.apache.catalina.core.StandardEngine - Starting Servlet engine: [Apache Tomcat/9.0.19]
2020-01-11 15:54:45,054 [main] INFO  org.apache.catalina.core.ContainerBase.[Tomcat].[localhost].[/] - Initializing Spring embedded WebApplicationContext
2020-01-11 15:54:45,054 [main] INFO  org.springframework.web.context.ContextLoader - Root WebApplicationContext: initialization completed in 1189 ms
2020-01-11 15:54:45,621 [main] INFO  springfox.documentation.spring.web.PropertySourcedRequestMappingHandlerMapping - Mapped URL path [/v2/api-docs] onto method [public org.springframework.http.ResponseEntity<springfox.documentation.spring.web.json.Json> springfox.documentation.swagger2.web.Swagger2Controller.getDocumentation(java.lang.String,javax.servlet.http.HttpServletRequest)]
2020-01-11 15:54:45,713 [main] INFO  org.springframework.scheduling.concurrent.ThreadPoolTaskExecutor - Initializing ExecutorService 'applicationTaskExecutor'
2020-01-11 15:54:45,809 [main] INFO  org.springframework.scheduling.concurrent.ThreadPoolTaskScheduler - Initializing ExecutorService 'taskScheduler'
2020-01-11 15:54:45,850 [main] INFO  springfox.documentation.spring.web.plugins.DocumentationPluginsBootstrapper - Context refreshed
2020-01-11 15:54:45,861 [main] INFO  springfox.documentation.spring.web.plugins.DocumentationPluginsBootstrapper - Found 1 custom documentation plugin(s)
2020-01-11 15:54:45,881 [main] INFO  springfox.documentation.spring.web.scanners.ApiListingReferenceScanner - Scanning for api listing references
2020-01-11 15:54:46,013 [main] INFO  s.documentation.spring.web.readers.operation.CachingOperationNameGenerator - Generating unique operation named: getListTwoUsingGET_1
2020-01-11 15:54:46,015 [main] INFO  s.documentation.spring.web.readers.operation.CachingOperationNameGenerator - Generating unique operation named: getListTwoUsingGET_2
2020-01-11 15:54:46,017 [main] INFO  s.documentation.spring.web.readers.operation.CachingOperationNameGenerator - Generating unique operation named: getListTwoUsingGET_3
2020-01-11 15:54:46,018 [main] INFO  s.documentation.spring.web.readers.operation.CachingOperationNameGenerator - Generating unique operation named: getListTwoUsingGET_4
2020-01-11 15:54:46,020 [main] INFO  s.documentation.spring.web.readers.operation.CachingOperationNameGenerator - Generating unique operation named: getListTwoUsingGET_5
2020-01-11 15:54:46,021 [main] INFO  s.documentation.spring.web.readers.operation.CachingOperationNameGenerator - Generating unique operation named: getListTwoUsingGET_6
2020-01-11 15:54:46,022 [main] INFO  s.documentation.spring.web.readers.operation.CachingOperationNameGenerator - Generating unique operation named: getListTwoUsingGET_7
2020-01-11 15:54:46,043 [main] INFO  org.apache.coyote.http11.Http11NioProtocol - Starting ProtocolHandler ["http-nio-8888"]
2020-01-11 15:54:46,081 [main] INFO  org.springframework.boot.web.embedded.tomcat.TomcatWebServer - Tomcat started on port(s): 8888 (http) with context path ''
2020-01-11 15:54:46,086 [main] INFO  org.ljj.Application - Started Application in 2.63 seconds (JVM running for 3.511)
2020-01-11 15:55:05,276 [http-nio-8888-exec-1] INFO  org.apache.catalina.core.ContainerBase.[Tomcat].[localhost].[/] - Initializing Spring DispatcherServlet 'dispatcherServlet'
2020-01-11 15:55:05,282 [http-nio-8888-exec-1] INFO  org.springframework.web.servlet.DispatcherServlet - Initializing Servlet 'dispatcherServlet'
2020-01-11 15:55:05,289 [http-nio-8888-exec-1] INFO  org.springframework.web.servlet.DispatcherServlet - Completed initialization in 7 ms
2020-01-11 15:55:05,345 [http-nio-8888-exec-1] INFO  com.zaxxer.hikari.HikariDataSource - HikariPool-1 - Starting...
2020-01-11 15:55:05,631 [http-nio-8888-exec-1] INFO  com.zaxxer.hikari.HikariDataSource - HikariPool-1 - Start completed.
2020-01-11 16:08:23,582 [Thread-8] INFO  org.springframework.scheduling.concurrent.ThreadPoolTaskScheduler - Shutting down ExecutorService 'taskScheduler'
2020-01-11 16:08:23,595 [Thread-8] INFO  org.springframework.scheduling.concurrent.ThreadPoolTaskExecutor - Shutting down ExecutorService 'applicationTaskExecutor'
2020-01-11 16:08:23,599 [Thread-8] INFO  com.zaxxer.hikari.HikariDataSource - HikariPool-1 - Shutdown initiated...
2020-01-11 16:08:23,613 [Thread-8] INFO  com.zaxxer.hikari.HikariDataSource - HikariPool-1 - Shutdown completed.
2020-01-11 16:08:27,693 [main] INFO  org.ljj.Application - Starting Application on yaoshideMacBook-Pro.local with PID 5455 (/idea/httprunnerWeb/target/classes started by linjunjie in /idea/httprunnerWeb)
2020-01-11 16:08:27,697 [main] INFO  org.ljj.Application - No active profile set, falling back to default profiles: default
2020-01-11 16:08:28,759 [main] INFO  o.s.context.support.PostProcessorRegistrationDelegate$BeanPostProcessorChecker - Bean 'org.springframework.transaction.annotation.ProxyTransactionManagementConfiguration' of type [org.springframework.transaction.annotation.ProxyTransactionManagementConfiguration$$EnhancerBySpringCGLIB$$93531f6b] is not eligible for getting processed by all BeanPostProcessors (for example: not eligible for auto-proxying)
2020-01-11 16:08:28,976 [main] INFO  org.springframework.boot.web.embedded.tomcat.TomcatWebServer - Tomcat initialized with port(s): 8888 (http)
2020-01-11 16:08:28,990 [main] INFO  org.apache.coyote.http11.Http11NioProtocol - Initializing ProtocolHandler ["http-nio-8888"]
2020-01-11 16:08:28,997 [main] INFO  org.apache.catalina.core.StandardService - Starting service [Tomcat]
2020-01-11 16:08:28,998 [main] INFO  org.apache.catalina.core.StandardEngine - Starting Servlet engine: [Apache Tomcat/9.0.19]
2020-01-11 16:08:29,116 [main] INFO  org.apache.catalina.core.ContainerBase.[Tomcat].[localhost].[/] - Initializing Spring embedded WebApplicationContext
2020-01-11 16:08:29,116 [main] INFO  org.springframework.web.context.ContextLoader - Root WebApplicationContext: initialization completed in 1328 ms
2020-01-11 16:08:29,802 [main] INFO  springfox.documentation.spring.web.PropertySourcedRequestMappingHandlerMapping - Mapped URL path [/v2/api-docs] onto method [public org.springframework.http.ResponseEntity<springfox.documentation.spring.web.json.Json> springfox.documentation.swagger2.web.Swagger2Controller.getDocumentation(java.lang.String,javax.servlet.http.HttpServletRequest)]
2020-01-11 16:08:29,909 [main] INFO  org.springframework.scheduling.concurrent.ThreadPoolTaskExecutor - Initializing ExecutorService 'applicationTaskExecutor'
2020-01-11 16:08:30,097 [main] INFO  org.springframework.scheduling.concurrent.ThreadPoolTaskScheduler - Initializing ExecutorService 'taskScheduler'
2020-01-11 16:08:30,148 [main] INFO  springfox.documentation.spring.web.plugins.DocumentationPluginsBootstrapper - Context refreshed
2020-01-11 16:08:30,161 [main] INFO  springfox.documentation.spring.web.plugins.DocumentationPluginsBootstrapper - Found 1 custom documentation plugin(s)
2020-01-11 16:08:30,204 [main] INFO  springfox.documentation.spring.web.scanners.ApiListingReferenceScanner - Scanning for api listing references
2020-01-11 16:08:30,352 [main] INFO  s.documentation.spring.web.readers.operation.CachingOperationNameGenerator - Generating unique operation named: getListTwoUsingGET_1
2020-01-11 16:08:30,353 [main] INFO  s.documentation.spring.web.readers.operation.CachingOperationNameGenerator - Generating unique operation named: getListTwoUsingGET_2
2020-01-11 16:08:30,354 [main] INFO  s.documentation.spring.web.readers.operation.CachingOperationNameGenerator - Generating unique operation named: getListTwoUsingGET_3
2020-01-11 16:08:30,355 [main] INFO  s.documentation.spring.web.readers.operation.CachingOperationNameGenerator - Generating unique operation named: getListTwoUsingGET_4
2020-01-11 16:08:30,358 [main] INFO  s.documentation.spring.web.readers.operation.CachingOperationNameGenerator - Generating unique operation named: getListTwoUsingGET_5
2020-01-11 16:08:30,359 [main] INFO  s.documentation.spring.web.readers.operation.CachingOperationNameGenerator - Generating unique operation named: getListTwoUsingGET_6
2020-01-11 16:08:30,360 [main] INFO  s.documentation.spring.web.readers.operation.CachingOperationNameGenerator - Generating unique operation named: getListTwoUsingGET_7
2020-01-11 16:08:30,384 [main] INFO  org.apache.coyote.http11.Http11NioProtocol - Starting ProtocolHandler ["http-nio-8888"]
2020-01-11 16:08:30,414 [main] INFO  org.springframework.boot.web.embedded.tomcat.TomcatWebServer - Tomcat started on port(s): 8888 (http) with context path ''
2020-01-11 16:08:30,418 [main] INFO  org.ljj.Application - Started Application in 3.22 seconds (JVM running for 4.075)
2020-01-11 16:10:02,580 [http-nio-8888-exec-1] INFO  org.apache.catalina.core.ContainerBase.[Tomcat].[localhost].[/] - Initializing Spring DispatcherServlet 'dispatcherServlet'
2020-01-11 16:10:02,585 [http-nio-8888-exec-1] INFO  org.springframework.web.servlet.DispatcherServlet - Initializing Servlet 'dispatcherServlet'
2020-01-11 16:10:02,593 [http-nio-8888-exec-1] INFO  org.springframework.web.servlet.DispatcherServlet - Completed initialization in 7 ms
2020-01-11 16:10:02,640 [http-nio-8888-exec-1] INFO  com.zaxxer.hikari.HikariDataSource - HikariPool-1 - Starting...
2020-01-11 16:10:02,945 [http-nio-8888-exec-1] INFO  com.zaxxer.hikari.HikariDataSource - HikariPool-1 - Start completed.
2020-01-11 16:11:17,998 [Thread-9] INFO  org.springframework.scheduling.concurrent.ThreadPoolTaskScheduler - Shutting down ExecutorService 'taskScheduler'
2020-01-11 16:11:17,999 [Thread-9] INFO  org.springframework.scheduling.concurrent.ThreadPoolTaskExecutor - Shutting down ExecutorService 'applicationTaskExecutor'
2020-01-11 16:11:18,001 [Thread-9] INFO  com.zaxxer.hikari.HikariDataSource - HikariPool-1 - Shutdown initiated...
2020-01-11 16:11:18,016 [Thread-9] INFO  com.zaxxer.hikari.HikariDataSource - HikariPool-1 - Shutdown completed.
2020-01-11 16:11:22,072 [main] INFO  org.ljj.Application - Starting Application on yaoshideMacBook-Pro.local with PID 5458 (/idea/httprunnerWeb/target/classes started by linjunjie in /idea/httprunnerWeb)
2020-01-11 16:11:22,086 [main] INFO  org.ljj.Application - No active profile set, falling back to default profiles: default
2020-01-11 16:11:23,131 [main] INFO  o.s.context.support.PostProcessorRegistrationDelegate$BeanPostProcessorChecker - Bean 'org.springframework.transaction.annotation.ProxyTransactionManagementConfiguration' of type [org.springframework.transaction.annotation.ProxyTransactionManagementConfiguration$$EnhancerBySpringCGLIB$$9bfef87e] is not eligible for getting processed by all BeanPostProcessors (for example: not eligible for auto-proxying)
2020-01-11 16:11:23,329 [main] INFO  org.springframework.boot.web.embedded.tomcat.TomcatWebServer - Tomcat initialized with port(s): 8888 (http)
2020-01-11 16:11:23,340 [main] INFO  org.apache.coyote.http11.Http11NioProtocol - Initializing ProtocolHandler ["http-nio-8888"]
2020-01-11 16:11:23,349 [main] INFO  org.apache.catalina.core.StandardService - Starting service [Tomcat]
2020-01-11 16:11:23,350 [main] INFO  org.apache.catalina.core.StandardEngine - Starting Servlet engine: [Apache Tomcat/9.0.19]
2020-01-11 16:11:23,413 [main] INFO  org.apache.catalina.core.ContainerBase.[Tomcat].[localhost].[/] - Initializing Spring embedded WebApplicationContext
2020-01-11 16:11:23,413 [main] INFO  org.springframework.web.context.ContextLoader - Root WebApplicationContext: initialization completed in 1271 ms
2020-01-11 16:11:23,969 [main] INFO  springfox.documentation.spring.web.PropertySourcedRequestMappingHandlerMapping - Mapped URL path [/v2/api-docs] onto method [public org.springframework.http.ResponseEntity<springfox.documentation.spring.web.json.Json> springfox.documentation.swagger2.web.Swagger2Controller.getDocumentation(java.lang.String,javax.servlet.http.HttpServletRequest)]
2020-01-11 16:11:24,056 [main] INFO  org.springframework.scheduling.concurrent.ThreadPoolTaskExecutor - Initializing ExecutorService 'applicationTaskExecutor'
2020-01-11 16:11:24,152 [main] INFO  org.springframework.scheduling.concurrent.ThreadPoolTaskScheduler - Initializing ExecutorService 'taskScheduler'
2020-01-11 16:11:24,195 [main] INFO  springfox.documentation.spring.web.plugins.DocumentationPluginsBootstrapper - Context refreshed
2020-01-11 16:11:24,208 [main] INFO  springfox.documentation.spring.web.plugins.DocumentationPluginsBootstrapper - Found 1 custom documentation plugin(s)
2020-01-11 16:11:24,229 [main] INFO  springfox.documentation.spring.web.scanners.ApiListingReferenceScanner - Scanning for api listing references
2020-01-11 16:11:24,372 [main] INFO  s.documentation.spring.web.readers.operation.CachingOperationNameGenerator - Generating unique operation named: getListTwoUsingGET_1
2020-01-11 16:11:24,373 [main] INFO  s.documentation.spring.web.readers.operation.CachingOperationNameGenerator - Generating unique operation named: getListTwoUsingGET_2
2020-01-11 16:11:24,376 [main] INFO  s.documentation.spring.web.readers.operation.CachingOperationNameGenerator - Generating unique operation named: getListTwoUsingGET_3
2020-01-11 16:11:24,378 [main] INFO  s.documentation.spring.web.readers.operation.CachingOperationNameGenerator - Generating unique operation named: getListTwoUsingGET_4
2020-01-11 16:11:24,380 [main] INFO  s.documentation.spring.web.readers.operation.CachingOperationNameGenerator - Generating unique operation named: getListTwoUsingGET_5
2020-01-11 16:11:24,382 [main] INFO  s.documentation.spring.web.readers.operation.CachingOperationNameGenerator - Generating unique operation named: getListTwoUsingGET_6
2020-01-11 16:11:24,384 [main] INFO  s.documentation.spring.web.readers.operation.CachingOperationNameGenerator - Generating unique operation named: getListTwoUsingGET_7
2020-01-11 16:11:24,413 [main] INFO  org.apache.coyote.http11.Http11NioProtocol - Starting ProtocolHandler ["http-nio-8888"]
2020-01-11 16:11:24,462 [main] INFO  org.springframework.boot.web.embedded.tomcat.TomcatWebServer - Tomcat started on port(s): 8888 (http) with context path ''
2020-01-11 16:11:24,467 [main] INFO  org.ljj.Application - Started Application in 2.839 seconds (JVM running for 3.955)
2020-01-11 16:11:27,933 [http-nio-8888-exec-1] INFO  org.apache.catalina.core.ContainerBase.[Tomcat].[localhost].[/] - Initializing Spring DispatcherServlet 'dispatcherServlet'
2020-01-11 16:11:27,938 [http-nio-8888-exec-1] INFO  org.springframework.web.servlet.DispatcherServlet - Initializing Servlet 'dispatcherServlet'
2020-01-11 16:11:27,946 [http-nio-8888-exec-1] INFO  org.springframework.web.servlet.DispatcherServlet - Completed initialization in 7 ms
2020-01-11 16:14:04,490 [http-nio-8888-exec-3] INFO  com.zaxxer.hikari.HikariDataSource - HikariPool-1 - Starting...
2020-01-11 16:14:04,797 [http-nio-8888-exec-3] INFO  com.zaxxer.hikari.HikariDataSource - HikariPool-1 - Start completed.
2020-01-11 17:03:53,802 [Thread-9] INFO  org.springframework.scheduling.concurrent.ThreadPoolTaskScheduler - Shutting down ExecutorService 'taskScheduler'
2020-01-11 17:03:53,812 [Thread-9] INFO  org.springframework.scheduling.concurrent.ThreadPoolTaskExecutor - Shutting down ExecutorService 'applicationTaskExecutor'
2020-01-11 17:03:53,817 [Thread-9] INFO  com.zaxxer.hikari.HikariDataSource - HikariPool-1 - Shutdown initiated...
2020-01-11 17:03:53,843 [Thread-9] INFO  com.zaxxer.hikari.HikariDataSource - HikariPool-1 - Shutdown completed.
